Using pre-set license
Built from '2021.3/staging' branch; Version is '2021.3.10f1 (1c7d0df0160b) revision 1867021'; Using compiler version '192829333'; Build Type 'Release'
OS: 'Windows 10  (10.0.19044) 64bit Professional' Language: 'es' Physical Memory: 16342 MB
BatchMode: 1, IsHumanControllingUs: 0, StartBugReporterOnCrash: 0, Is64bit: 1, IsPro: 1

COMMAND LINE ARGUMENTS:
C:\Program Files\Unity\Hub\Editor\2021.3.10f1\Editor\Unity.exe
-adb2
-batchMode
-noUpm
-name
AssetImportWorker0
-projectPath
D:/MiguelMartin/RPMI/actividades3/actividad3
-logFile
Logs/AssetImportWorker0.log
-srvPort
56134
Successfully changed project path to: D:/MiguelMartin/RPMI/actividades3/actividad3
D:/MiguelMartin/RPMI/actividades3/actividad3
[UnityMemory] Configuration Parameters - Can be set up in boot.config
    "memorysetup-bucket-allocator-granularity=16"
    "memorysetup-bucket-allocator-bucket-count=8"
    "memorysetup-bucket-allocator-block-size=33554432"
    "memorysetup-bucket-allocator-block-count=8"
    "memorysetup-main-allocator-block-size=16777216"
    "memorysetup-thread-allocator-block-size=16777216"
    "memorysetup-gfx-main-allocator-block-size=16777216"
    "memorysetup-gfx-thread-allocator-block-size=16777216"
    "memorysetup-cache-allocator-block-size=4194304"
    "memorysetup-typetree-allocator-block-size=2097152"
    "memorysetup-profiler-bucket-allocator-granularity=16"
    "memorysetup-profiler-bucket-allocator-bucket-count=8"
    "memorysetup-profiler-bucket-allocator-block-size=33554432"
    "memorysetup-profiler-bucket-allocator-block-count=8"
    "memorysetup-profiler-allocator-block-size=16777216"
    "memorysetup-profiler-editor-allocator-block-size=1048576"
    "memorysetup-temp-allocator-size-main=16777216"
    "memorysetup-job-temp-allocator-block-size=2097152"
    "memorysetup-job-temp-allocator-block-size-background=1048576"
    "memorysetup-job-temp-allocator-reduction-small-platforms=262144"
    "memorysetup-temp-allocator-size-background-worker=32768"
    "memorysetup-temp-allocator-size-job-worker=262144"
    "memorysetup-temp-allocator-size-preload-manager=33554432"
    "memorysetup-temp-allocator-size-nav-mesh-worker=65536"
    "memorysetup-temp-allocator-size-audio-worker=65536"
    "memorysetup-temp-allocator-size-cloud-worker=32768"
    "memorysetup-temp-allocator-size-gi-baking-worker=262144"
    "memorysetup-temp-allocator-size-gfx=262144"
Refreshing native plugins compatible for Editor in 102.04 ms, found 3 plugins.
Preloading 0 native plugins for Editor in 0.00 ms.
Initialize engine version: 2021.3.10f1 (1c7d0df0160b)
[Subsystems] Discovering subsystems at path C:/Program Files/Unity/Hub/Editor/2021.3.10f1/Editor/Data/Resources/UnitySubsystems
[Subsystems] Discovering subsystems at path D:/MiguelMartin/RPMI/actividades3/actividad3/Assets
GfxDevice: creating device client; threaded=0; jobified=0
Direct3D:
    Version:  Direct3D 11.0 [level 11.1]
    Renderer: NVIDIA GeForce GTX 1050 Ti (ID=0x1c82)
    Vendor:   NVIDIA
    VRAM:     4018 MB
    Driver:   31.0.15.1694
Initialize mono
Mono path[0] = 'C:/Program Files/Unity/Hub/Editor/2021.3.10f1/Editor/Data/Managed'
Mono path[1] = 'C:/Program Files/Unity/Hub/Editor/2021.3.10f1/Editor/Data/MonoBleedingEdge/lib/mono/unityjit-win32'
Mono config path = 'C:/Program Files/Unity/Hub/Editor/2021.3.10f1/Editor/Data/MonoBleedingEdge/etc'
Using monoOptions --debugger-agent=transport=dt_socket,embedding=1,server=y,suspend=n,address=127.0.0.1:56956
Begin MonoManager ReloadAssembly
Registering precompiled unity dll's ...
Register platform support module: C:/Program Files/Unity/Hub/Editor/2021.3.10f1/Editor/Data/PlaybackEngines/WebGLSupport/UnityEditor.WebGL.Extensions.dll
Register platform support module: C:/Program Files/Unity/Hub/Editor/2021.3.10f1/Editor/Data/PlaybackEngines/WindowsStandaloneSupport/UnityEditor.WindowsStandalone.Extensions.dll
Registered in 0.009245 seconds.
Native extension for WindowsStandalone target not found
Native extension for WebGL target not found
Refreshing native plugins compatible for Editor in 109.98 ms, found 3 plugins.
Preloading 0 native plugins for Editor in 0.00 ms.
Mono: successfully reloaded assembly
- Completed reload, in  0.816 seconds
Domain Reload Profiling:
	ReloadAssembly (817ms)
		BeginReloadAssembly (95ms)
			ExecutionOrderSort (0ms)
			DisableScriptedObjects (0ms)
			BackupInstance (0ms)
			ReleaseScriptingObjects (0ms)
			CreateAndSetChildDomain (1ms)
		EndReloadAssembly (584ms)
			LoadAssemblies (93ms)
			RebuildTransferFunctionScriptingTraits (0ms)
			SetupTypeCache (128ms)
			ReleaseScriptCaches (0ms)
			RebuildScriptCaches (39ms)
			SetupLoadedEditorAssemblies (356ms)
				LogAssemblyErrors (0ms)
				InitializePlatformSupportModulesInManaged (12ms)
				SetLoadedEditorAssemblies (0ms)
				RefreshPlugins (110ms)
				BeforeProcessingInitializeOnLoad (2ms)
				ProcessInitializeOnLoadAttributes (175ms)
				ProcessInitializeOnLoadMethodAttributes (57ms)
				AfterProcessingInitializeOnLoad (0ms)
				EditorAssembliesLoaded (0ms)
			ExecutionOrderSort2 (0ms)
			AwakeInstancesAfterBackupRestoration (0ms)
Platform modules already initialized, skipping
Registering precompiled user dll's ...
Registered in 0.004965 seconds.
Begin MonoManager ReloadAssembly
Symbol file LoadedFromMemory doesn't match image D:\MiguelMartin\RPMI\actividades3\actividad3\Library\PackageCache\com.unity.visualscripting@1.7.8\Editor\VisualScripting.Core\Dependencies\YamlDotNet\Unity.VisualScripting.YamlDotNet.dll
Symbol file LoadedFromMemory doesn't match image D:\MiguelMartin\RPMI\actividades3\actividad3\Library\PackageCache\com.unity.visualscripting@1.7.8\Editor\VisualScripting.Core\Dependencies\DotNetZip\Unity.VisualScripting.IonicZip.dll
Native extension for WindowsStandalone target not found
Native extension for WebGL target not found
Refreshing native plugins compatible for Editor in 0.57 ms, found 3 plugins.
Preloading 0 native plugins for Editor in 0.00 ms.
Mono: successfully reloaded assembly
- Completed reload, in  1.226 seconds
Domain Reload Profiling:
	ReloadAssembly (1227ms)
		BeginReloadAssembly (130ms)
			ExecutionOrderSort (0ms)
			DisableScriptedObjects (7ms)
			BackupInstance (0ms)
			ReleaseScriptingObjects (0ms)
			CreateAndSetChildDomain (23ms)
		EndReloadAssembly (964ms)
			LoadAssemblies (89ms)
			RebuildTransferFunctionScriptingTraits (0ms)
			SetupTypeCache (319ms)
			ReleaseScriptCaches (1ms)
			RebuildScriptCaches (61ms)
			SetupLoadedEditorAssemblies (445ms)
				LogAssemblyErrors (0ms)
				InitializePlatformSupportModulesInManaged (10ms)
				SetLoadedEditorAssemblies (1ms)
				RefreshPlugins (1ms)
				BeforeProcessingInitializeOnLoad (109ms)
				ProcessInitializeOnLoadAttributes (281ms)
				ProcessInitializeOnLoadMethodAttributes (34ms)
				AfterProcessingInitializeOnLoad (9ms)
				EditorAssembliesLoaded (0ms)
			ExecutionOrderSort2 (0ms)
			AwakeInstancesAfterBackupRestoration (8ms)
Platform modules already initialized, skipping
========================================================================
Worker process is ready to serve import requests
Launched and connected shader compiler UnityShaderCompiler.exe after 0.06 seconds
Refreshing native plugins compatible for Editor in 0.74 ms, found 3 plugins.
Preloading 0 native plugins for Editor in 0.00 ms.
Unloading 3381 Unused Serialized files (Serialized files now loaded: 0)
Unloading 27 unused Assets / (113.5 KB). Loaded Objects now: 3838.
Memory consumption went from 116.2 MB to 116.1 MB.
Total: 3.860400 ms (FindLiveObjects: 0.276700 ms CreateObjectMapping: 0.202500 ms MarkObjects: 3.250500 ms  DeleteObjects: 0.129600 ms)

AssetImportParameters requested are different than current active one (requested -> active):
  custom:video-decoder-ogg-theora: a1e56fd34408186e4bbccfd4996cb3dc -> 
  custom:container-muxer-webm: aa71ff27fc2769a1b78a27578f13a17b -> 
  custom:container-demuxer-webm: 4f35f7cbe854078d1ac9338744f61a02 -> 
  custom:video-encoder-webm-vp8: eb34c28f22e8b96e1ab97ce403110664 -> 
  custom:audio-encoder-webm-vorbis: bf7c407c2cedff20999df2af8eb42d56 -> 
  custom:framework-win-MediaFoundation: 216162199b28c13a410421893ffa2e32 -> 
  custom:container-demuxer-ogg: 62fdf1f143b41e24485cea50d1cbac27 -> 
  custom:video-decoder-webm-vp8: 9c59270c3fd7afecdb556c50c9e8de78 -> 
  custom:audio-decoder-ogg-vorbis: bf7c407c2cedff20999df2af8eb42d56 -> 
========================================================================
Received Import Request.
  Time since last request: 1211880.061398 seconds.
  path: Assets/Scripts/act1.cs
  artifactKey: Guid(4ff2668ebc7b7404d97f35dcc0c52371) Importer(815301076,1909f56bfc062723c751e8b465ee728b)
Start importing Assets/Scripts/act1.cs using Guid(4ff2668ebc7b7404d97f35dcc0c52371) Importer(815301076,1909f56bfc062723c751e8b465ee728b)  -> (artifact id: '0e7b54493b798b94b029ddd95089791f') in 0.026062 seconds 
========================================================================
Received Import Request.
  Time since last request: 34.957654 seconds.
  path: Assets/Scripts/act1.cs
  artifactKey: Guid(4ff2668ebc7b7404d97f35dcc0c52371) Importer(815301076,1909f56bfc062723c751e8b465ee728b)
Start importing Assets/Scripts/act1.cs using Guid(4ff2668ebc7b7404d97f35dcc0c52371) Importer(815301076,1909f56bfc062723c751e8b465ee728b)  -> (artifact id: 'ba523146b4f156855a5d3458f3467dba') in 0.002265 seconds 
========================================================================
Received Import Request.
  Time since last request: 60.700131 seconds.
  path: Assets/Scripts/act1.cs
  artifactKey: Guid(4ff2668ebc7b7404d97f35dcc0c52371) Importer(815301076,1909f56bfc062723c751e8b465ee728b)
Start importing Assets/Scripts/act1.cs using Guid(4ff2668ebc7b7404d97f35dcc0c52371) Importer(815301076,1909f56bfc062723c751e8b465ee728b)  -> (artifact id: 'f95dc67008660ce7a89ea3025251a769') in 0.001560 seconds 
========================================================================
Received Import Request.
  Time since last request: 25.667047 seconds.
  path: Assets/Scripts/act1.cs
  artifactKey: Guid(4ff2668ebc7b7404d97f35dcc0c52371) Importer(815301076,1909f56bfc062723c751e8b465ee728b)
Start importing Assets/Scripts/act1.cs using Guid(4ff2668ebc7b7404d97f35dcc0c52371) Importer(815301076,1909f56bfc062723c751e8b465ee728b)  -> (artifact id: 'ef29b3d7db690f88dfe2b23be25ef512') in 0.002619 seconds 
========================================================================
Received Import Request.
  Time since last request: 22.721772 seconds.
  path: Assets/Scripts/act1.cs
  artifactKey: Guid(4ff2668ebc7b7404d97f35dcc0c52371) Importer(815301076,1909f56bfc062723c751e8b465ee728b)
Start importing Assets/Scripts/act1.cs using Guid(4ff2668ebc7b7404d97f35dcc0c52371) Importer(815301076,1909f56bfc062723c751e8b465ee728b)  -> (artifact id: '058c33b9e331d165a62377e7709c216a') in 0.001375 seconds 
========================================================================
Received Import Request.
  Time since last request: 33.982871 seconds.
  path: Assets/Scripts/act1.cs
  artifactKey: Guid(4ff2668ebc7b7404d97f35dcc0c52371) Importer(815301076,1909f56bfc062723c751e8b465ee728b)
Start importing Assets/Scripts/act1.cs using Guid(4ff2668ebc7b7404d97f35dcc0c52371) Importer(815301076,1909f56bfc062723c751e8b465ee728b)  -> (artifact id: '1f51b8e00a261c9ceb7028b9889a21c4') in 0.001504 seconds 
========================================================================
Received Import Request.
  Time since last request: 41.468286 seconds.
  path: Assets/Scripts/act1.cs
  artifactKey: Guid(4ff2668ebc7b7404d97f35dcc0c52371) Importer(815301076,1909f56bfc062723c751e8b465ee728b)
Start importing Assets/Scripts/act1.cs using Guid(4ff2668ebc7b7404d97f35dcc0c52371) Importer(815301076,1909f56bfc062723c751e8b465ee728b)  -> (artifact id: 'bd5fbd4cfc91eff13f77f2b919dd318a') in 0.001650 seconds 
========================================================================
Received Import Request.
  Time since last request: 43.969946 seconds.
  path: Assets/Scripts/act2.cs
  artifactKey: Guid(b180c6dd916106c4894fbe68266ce654) Importer(815301076,1909f56bfc062723c751e8b465ee728b)
Start importing Assets/Scripts/act2.cs using Guid(b180c6dd916106c4894fbe68266ce654) Importer(815301076,1909f56bfc062723c751e8b465ee728b)  -> (artifact id: '122474e2e7b65fe95f46feb51426eb1e') in 0.001992 seconds 
========================================================================
Received Import Request.
  Time since last request: 8.353768 seconds.
  path: Assets/Scripts/act3.cs
  artifactKey: Guid(3dd5938fd407e3348bc6a6721f90a4df) Importer(815301076,1909f56bfc062723c751e8b465ee728b)
Start importing Assets/Scripts/act3.cs using Guid(3dd5938fd407e3348bc6a6721f90a4df) Importer(815301076,1909f56bfc062723c751e8b465ee728b)  -> (artifact id: '334fbb0167bf8b4e2ae7775df8ca7ab2') in 0.003380 seconds 
========================================================================
Received Import Request.
  Time since last request: 5.915770 seconds.
  path: Assets/Scripts/act4.cs
  artifactKey: Guid(3d3bfb395a8939e45854a33f729b43b3) Importer(815301076,1909f56bfc062723c751e8b465ee728b)
Start importing Assets/Scripts/act4.cs using Guid(3d3bfb395a8939e45854a33f729b43b3) Importer(815301076,1909f56bfc062723c751e8b465ee728b)  -> (artifact id: '742d22434cb15c3d4e483edbd80f93ba') in 0.002291 seconds 
========================================================================
Received Import Request.
  Time since last request: 10.795318 seconds.
  path: Assets/Scripts/act5.cs
  artifactKey: Guid(dd7389f8658913a4ab5b4c9bdc021d03) Importer(815301076,1909f56bfc062723c751e8b465ee728b)
Start importing Assets/Scripts/act5.cs using Guid(dd7389f8658913a4ab5b4c9bdc021d03) Importer(815301076,1909f56bfc062723c751e8b465ee728b)  -> (artifact id: '9013f2a679b2e566b30c6cac4a72d6db') in 0.003061 seconds 
========================================================================
Received Import Request.
  Time since last request: 6.274742 seconds.
  path: Assets/Scripts/act6.cs
  artifactKey: Guid(00fb1cfd11d52324897c773a22342755) Importer(815301076,1909f56bfc062723c751e8b465ee728b)
Start importing Assets/Scripts/act6.cs using Guid(00fb1cfd11d52324897c773a22342755) Importer(815301076,1909f56bfc062723c751e8b465ee728b)  -> (artifact id: '02d4d7637779b4884c1699b769ee991a') in 0.001453 seconds 
========================================================================
Received Import Request.
  Time since last request: 5.702093 seconds.
  path: Assets/Scripts/act7.cs
  artifactKey: Guid(105b29347ac86ff409ab7cfc6d27422d) Importer(815301076,1909f56bfc062723c751e8b465ee728b)
Start importing Assets/Scripts/act7.cs using Guid(105b29347ac86ff409ab7cfc6d27422d) Importer(815301076,1909f56bfc062723c751e8b465ee728b)  -> (artifact id: 'ed05b1ddd79eae4ae0cf87639ea3f53c') in 0.002182 seconds 
========================================================================
Received Import Request.
  Time since last request: 5.253278 seconds.
  path: Assets/Scripts/act8.cs
  artifactKey: Guid(52f76dc04252b684c8a3d9e25da82c44) Importer(815301076,1909f56bfc062723c751e8b465ee728b)
Start importing Assets/Scripts/act8.cs using Guid(52f76dc04252b684c8a3d9e25da82c44) Importer(815301076,1909f56bfc062723c751e8b465ee728b)  -> (artifact id: 'cc07e309d6447d76bac651d614b086cc') in 0.001274 seconds 
========================================================================
Received Import Request.
  Time since last request: 5.679481 seconds.
  path: Assets/Scripts/act9.cs
  artifactKey: Guid(9e824c8967f12c2499d1b381a3f08203) Importer(815301076,1909f56bfc062723c751e8b465ee728b)
Start importing Assets/Scripts/act9.cs using Guid(9e824c8967f12c2499d1b381a3f08203) Importer(815301076,1909f56bfc062723c751e8b465ee728b)  -> (artifact id: '10bab31ea538e0381f709bf4527d449f') in 0.001424 seconds 
========================================================================
Received Import Request.
  Time since last request: 6.015173 seconds.
  path: Assets/Scripts/act10.cs
  artifactKey: Guid(dd09978462abc034cb56265a5b895519) Importer(815301076,1909f56bfc062723c751e8b465ee728b)
Start importing Assets/Scripts/act10.cs using Guid(dd09978462abc034cb56265a5b895519) Importer(815301076,1909f56bfc062723c751e8b465ee728b)  -> (artifact id: 'b35dce39bca5e998343d431b43b74b5a') in 0.001494 seconds 
========================================================================
Received Prepare
Registering precompiled user dll's ...
Registered in 0.004954 seconds.
Begin MonoManager ReloadAssembly
Symbol file LoadedFromMemory doesn't match image D:\MiguelMartin\RPMI\actividades3\actividad3\Library\PackageCache\com.unity.visualscripting@1.7.8\Editor\VisualScripting.Core\Dependencies\YamlDotNet\Unity.VisualScripting.YamlDotNet.dll
Symbol file LoadedFromMemory doesn't match image D:\MiguelMartin\RPMI\actividades3\actividad3\Library\PackageCache\com.unity.visualscripting@1.7.8\Editor\VisualScripting.Core\Dependencies\DotNetZip\Unity.VisualScripting.IonicZip.dll
Native extension for WindowsStandalone target not found
Native extension for WebGL target not found
Refreshing native plugins compatible for Editor in 0.58 ms, found 3 plugins.
Preloading 0 native plugins for Editor in 0.00 ms.
Mono: successfully reloaded assembly
- Completed reload, in  1.235 seconds
Domain Reload Profiling:
	ReloadAssembly (1236ms)
		BeginReloadAssembly (157ms)
			ExecutionOrderSort (0ms)
			DisableScriptedObjects (7ms)
			BackupInstance (0ms)
			ReleaseScriptingObjects (0ms)
			CreateAndSetChildDomain (41ms)
		EndReloadAssembly (962ms)
			LoadAssemblies (95ms)
			RebuildTransferFunctionScriptingTraits (0ms)
			SetupTypeCache (375ms)
			ReleaseScriptCaches (2ms)
			RebuildScriptCaches (62ms)
			SetupLoadedEditorAssemblies (382ms)
				LogAssemblyErrors (0ms)
				InitializePlatformSupportModulesInManaged (17ms)
				SetLoadedEditorAssemblies (1ms)
				RefreshPlugins (1ms)
				BeforeProcessingInitializeOnLoad (78ms)
				ProcessInitializeOnLoadAttributes (246ms)
				ProcessInitializeOnLoadMethodAttributes (31ms)
				AfterProcessingInitializeOnLoad (9ms)
				EditorAssembliesLoaded (0ms)
			ExecutionOrderSort2 (0ms)
			AwakeInstancesAfterBackupRestoration (8ms)
Platform modules already initialized, skipping
Refreshing native plugins compatible for Editor in 1.67 ms, found 3 plugins.
Preloading 0 native plugins for Editor in 0.00 ms.
Unloading 3385 Unused Serialized files (Serialized files now loaded: 0)
Unloading 20 unused Assets / (79.9 KB). Loaded Objects now: 3850.
Memory consumption went from 116.4 MB to 116.3 MB.
Total: 4.080800 ms (FindLiveObjects: 0.247600 ms CreateObjectMapping: 0.154900 ms MarkObjects: 3.566700 ms  DeleteObjects: 0.110600 ms)

AssetImportParameters requested are different than current active one (requested -> active):
  custom:video-decoder-ogg-theora: a1e56fd34408186e4bbccfd4996cb3dc -> 
  custom:container-muxer-webm: aa71ff27fc2769a1b78a27578f13a17b -> 
  custom:container-demuxer-webm: 4f35f7cbe854078d1ac9338744f61a02 -> 
  custom:video-encoder-webm-vp8: eb34c28f22e8b96e1ab97ce403110664 -> 
  custom:audio-encoder-webm-vorbis: bf7c407c2cedff20999df2af8eb42d56 -> 
  custom:framework-win-MediaFoundation: 216162199b28c13a410421893ffa2e32 -> 
  custom:container-demuxer-ogg: 62fdf1f143b41e24485cea50d1cbac27 -> 
  custom:video-decoder-webm-vp8: 9c59270c3fd7afecdb556c50c9e8de78 -> 
  custom:audio-decoder-ogg-vorbis: bf7c407c2cedff20999df2af8eb42d56 -> 
========================================================================
Received Prepare
Registering precompiled user dll's ...
Registered in 0.004880 seconds.
Begin MonoManager ReloadAssembly
Symbol file LoadedFromMemory doesn't match image D:\MiguelMartin\RPMI\actividades3\actividad3\Library\PackageCache\com.unity.visualscripting@1.7.8\Editor\VisualScripting.Core\Dependencies\YamlDotNet\Unity.VisualScripting.YamlDotNet.dll
Symbol file LoadedFromMemory doesn't match image D:\MiguelMartin\RPMI\actividades3\actividad3\Library\PackageCache\com.unity.visualscripting@1.7.8\Editor\VisualScripting.Core\Dependencies\DotNetZip\Unity.VisualScripting.IonicZip.dll
Native extension for WindowsStandalone target not found
Native extension for WebGL target not found
Refreshing native plugins compatible for Editor in 0.60 ms, found 3 plugins.
Preloading 0 native plugins for Editor in 0.00 ms.
Mono: successfully reloaded assembly
- Completed reload, in  1.243 seconds
Domain Reload Profiling:
	ReloadAssembly (1244ms)
		BeginReloadAssembly (153ms)
			ExecutionOrderSort (0ms)
			DisableScriptedObjects (7ms)
			BackupInstance (0ms)
			ReleaseScriptingObjects (0ms)
			CreateAndSetChildDomain (41ms)
		EndReloadAssembly (972ms)
			LoadAssemblies (91ms)
			RebuildTransferFunctionScriptingTraits (0ms)
			SetupTypeCache (370ms)
			ReleaseScriptCaches (2ms)
			RebuildScriptCaches (61ms)
			SetupLoadedEditorAssemblies (386ms)
				LogAssemblyErrors (0ms)
				InitializePlatformSupportModulesInManaged (18ms)
				SetLoadedEditorAssemblies (1ms)
				RefreshPlugins (1ms)
				BeforeProcessingInitializeOnLoad (78ms)
				ProcessInitializeOnLoadAttributes (249ms)
				ProcessInitializeOnLoadMethodAttributes (31ms)
				AfterProcessingInitializeOnLoad (8ms)
				EditorAssembliesLoaded (0ms)
			ExecutionOrderSort2 (0ms)
			AwakeInstancesAfterBackupRestoration (8ms)
Platform modules already initialized, skipping
Refreshing native plugins compatible for Editor in 1.63 ms, found 3 plugins.
Preloading 0 native plugins for Editor in 0.00 ms.
Unloading 3385 Unused Serialized files (Serialized files now loaded: 0)
Unloading 20 unused Assets / (79.7 KB). Loaded Objects now: 3853.
Memory consumption went from 116.4 MB to 116.3 MB.
Total: 3.521300 ms (FindLiveObjects: 0.250500 ms CreateObjectMapping: 0.159100 ms MarkObjects: 3.009900 ms  DeleteObjects: 0.100900 ms)

AssetImportParameters requested are different than current active one (requested -> active):
  custom:video-decoder-ogg-theora: a1e56fd34408186e4bbccfd4996cb3dc -> 
  custom:container-muxer-webm: aa71ff27fc2769a1b78a27578f13a17b -> 
  custom:container-demuxer-webm: 4f35f7cbe854078d1ac9338744f61a02 -> 
  custom:video-encoder-webm-vp8: eb34c28f22e8b96e1ab97ce403110664 -> 
  custom:audio-encoder-webm-vorbis: bf7c407c2cedff20999df2af8eb42d56 -> 
  custom:framework-win-MediaFoundation: 216162199b28c13a410421893ffa2e32 -> 
  custom:container-demuxer-ogg: 62fdf1f143b41e24485cea50d1cbac27 -> 
  custom:video-decoder-webm-vp8: 9c59270c3fd7afecdb556c50c9e8de78 -> 
  custom:audio-decoder-ogg-vorbis: bf7c407c2cedff20999df2af8eb42d56 -> 
========================================================================
Received Import Request.
  Time since last request: 1219.879924 seconds.
  path: Assets/Scripts/act2.cs
  artifactKey: Guid(b180c6dd916106c4894fbe68266ce654) Importer(815301076,1909f56bfc062723c751e8b465ee728b)
Start importing Assets/Scripts/act2.cs using Guid(b180c6dd916106c4894fbe68266ce654) Importer(815301076,1909f56bfc062723c751e8b465ee728b)  -> (artifact id: '61042bf51eaad83d178969d6146d54ee') in 0.005442 seconds 
========================================================================
Received Import Request.
  Time since last request: 298.842787 seconds.
  path: Assets/Scripts/act3.cs
  artifactKey: Guid(3dd5938fd407e3348bc6a6721f90a4df) Importer(815301076,1909f56bfc062723c751e8b465ee728b)
Start importing Assets/Scripts/act3.cs using Guid(3dd5938fd407e3348bc6a6721f90a4df) Importer(815301076,1909f56bfc062723c751e8b465ee728b)  -> (artifact id: '01f5a01f397a3c7c04502732825e7f3c') in 0.004775 seconds 
========================================================================
Received Prepare
Registering precompiled user dll's ...
Registered in 0.005716 seconds.
Begin MonoManager ReloadAssembly
Symbol file LoadedFromMemory doesn't match image D:\MiguelMartin\RPMI\actividades3\actividad3\Library\PackageCache\com.unity.visualscripting@1.7.8\Editor\VisualScripting.Core\Dependencies\YamlDotNet\Unity.VisualScripting.YamlDotNet.dll
Symbol file LoadedFromMemory doesn't match image D:\MiguelMartin\RPMI\actividades3\actividad3\Library\PackageCache\com.unity.visualscripting@1.7.8\Editor\VisualScripting.Core\Dependencies\DotNetZip\Unity.VisualScripting.IonicZip.dll
Native extension for WindowsStandalone target not found
Native extension for WebGL target not found
Refreshing native plugins compatible for Editor in 0.98 ms, found 3 plugins.
Preloading 0 native plugins for Editor in 0.00 ms.
Mono: successfully reloaded assembly
- Completed reload, in  1.229 seconds
Domain Reload Profiling:
	ReloadAssembly (1230ms)
		BeginReloadAssembly (157ms)
			ExecutionOrderSort (0ms)
			DisableScriptedObjects (6ms)
			BackupInstance (0ms)
			ReleaseScriptingObjects (0ms)
			CreateAndSetChildDomain (47ms)
		EndReloadAssembly (952ms)
			LoadAssemblies (91ms)
			RebuildTransferFunctionScriptingTraits (0ms)
			SetupTypeCache (351ms)
			ReleaseScriptCaches (2ms)
			RebuildScriptCaches (63ms)
			SetupLoadedEditorAssemblies (391ms)
				LogAssemblyErrors (0ms)
				InitializePlatformSupportModulesInManaged (17ms)
				SetLoadedEditorAssemblies (1ms)
				RefreshPlugins (1ms)
				BeforeProcessingInitializeOnLoad (81ms)
				ProcessInitializeOnLoadAttributes (250ms)
				ProcessInitializeOnLoadMethodAttributes (33ms)
				AfterProcessingInitializeOnLoad (9ms)
				EditorAssembliesLoaded (0ms)
			ExecutionOrderSort2 (0ms)
			AwakeInstancesAfterBackupRestoration (8ms)
Platform modules already initialized, skipping
Refreshing native plugins compatible for Editor in 1.61 ms, found 3 plugins.
Preloading 0 native plugins for Editor in 0.00 ms.
Unloading 3385 Unused Serialized files (Serialized files now loaded: 0)
Unloading 20 unused Assets / (79.8 KB). Loaded Objects now: 3856.
Memory consumption went from 116.4 MB to 116.3 MB.
Total: 4.141700 ms (FindLiveObjects: 0.248000 ms CreateObjectMapping: 0.149900 ms MarkObjects: 3.640100 ms  DeleteObjects: 0.102700 ms)

AssetImportParameters requested are different than current active one (requested -> active):
  custom:video-decoder-ogg-theora: a1e56fd34408186e4bbccfd4996cb3dc -> 
  custom:container-muxer-webm: aa71ff27fc2769a1b78a27578f13a17b -> 
  custom:container-demuxer-webm: 4f35f7cbe854078d1ac9338744f61a02 -> 
  custom:video-encoder-webm-vp8: eb34c28f22e8b96e1ab97ce403110664 -> 
  custom:audio-encoder-webm-vorbis: bf7c407c2cedff20999df2af8eb42d56 -> 
  custom:framework-win-MediaFoundation: 216162199b28c13a410421893ffa2e32 -> 
  custom:container-demuxer-ogg: 62fdf1f143b41e24485cea50d1cbac27 -> 
  custom:video-decoder-webm-vp8: 9c59270c3fd7afecdb556c50c9e8de78 -> 
  custom:audio-decoder-ogg-vorbis: bf7c407c2cedff20999df2af8eb42d56 -> 
========================================================================
Received Import Request.
  Time since last request: 617.475277 seconds.
  path: Assets/Scripts/act3.cs
  artifactKey: Guid(3dd5938fd407e3348bc6a6721f90a4df) Importer(815301076,1909f56bfc062723c751e8b465ee728b)
Start importing Assets/Scripts/act3.cs using Guid(3dd5938fd407e3348bc6a6721f90a4df) Importer(815301076,1909f56bfc062723c751e8b465ee728b)  -> (artifact id: '4e2bb4d2c332229fc5576a8b2a10f7ad') in 0.005309 seconds 
========================================================================
Received Import Request.
  Time since last request: 1360.359681 seconds.
  path: Assets/Scripts/act4.cs
  artifactKey: Guid(3d3bfb395a8939e45854a33f729b43b3) Importer(815301076,1909f56bfc062723c751e8b465ee728b)
Start importing Assets/Scripts/act4.cs using Guid(3d3bfb395a8939e45854a33f729b43b3) Importer(815301076,1909f56bfc062723c751e8b465ee728b)  -> (artifact id: '0b94f072a501100d7221e25d58f0f9f1') in 0.001114 seconds 
========================================================================
Received Import Request.
  Time since last request: 54.777913 seconds.
  path: Assets/Scripts/act4.cs
  artifactKey: Guid(3d3bfb395a8939e45854a33f729b43b3) Importer(815301076,1909f56bfc062723c751e8b465ee728b)
Start importing Assets/Scripts/act4.cs using Guid(3d3bfb395a8939e45854a33f729b43b3) Importer(815301076,1909f56bfc062723c751e8b465ee728b)  -> (artifact id: '27d29c4eade9f56f3d48139dbfd71919') in 0.008581 seconds 
========================================================================
Received Prepare
Registering precompiled user dll's ...
Registered in 0.004587 seconds.
Begin MonoManager ReloadAssembly
Symbol file LoadedFromMemory doesn't match image D:\MiguelMartin\RPMI\actividades3\actividad3\Library\PackageCache\com.unity.visualscripting@1.7.8\Editor\VisualScripting.Core\Dependencies\YamlDotNet\Unity.VisualScripting.YamlDotNet.dll
Symbol file LoadedFromMemory doesn't match image D:\MiguelMartin\RPMI\actividades3\actividad3\Library\PackageCache\com.unity.visualscripting@1.7.8\Editor\VisualScripting.Core\Dependencies\DotNetZip\Unity.VisualScripting.IonicZip.dll
Native extension for WindowsStandalone target not found
Native extension for WebGL target not found
Refreshing native plugins compatible for Editor in 0.76 ms, found 3 plugins.
Preloading 0 native plugins for Editor in 0.00 ms.
Mono: successfully reloaded assembly
- Completed reload, in  1.246 seconds
Domain Reload Profiling:
	ReloadAssembly (1247ms)
		BeginReloadAssembly (156ms)
			ExecutionOrderSort (0ms)
			DisableScriptedObjects (7ms)
			BackupInstance (0ms)
			ReleaseScriptingObjects (0ms)
			CreateAndSetChildDomain (45ms)
		EndReloadAssembly (973ms)
			LoadAssemblies (94ms)
			RebuildTransferFunctionScriptingTraits (0ms)
			SetupTypeCache (345ms)
			ReleaseScriptCaches (2ms)
			RebuildScriptCaches (68ms)
			SetupLoadedEditorAssemblies (409ms)
				LogAssemblyErrors (0ms)
				InitializePlatformSupportModulesInManaged (18ms)
				SetLoadedEditorAssemblies (1ms)
				RefreshPlugins (1ms)
				BeforeProcessingInitializeOnLoad (82ms)
				ProcessInitializeOnLoadAttributes (265ms)
				ProcessInitializeOnLoadMethodAttributes (33ms)
				AfterProcessingInitializeOnLoad (10ms)
				EditorAssembliesLoaded (0ms)
			ExecutionOrderSort2 (0ms)
			AwakeInstancesAfterBackupRestoration (8ms)
Platform modules already initialized, skipping
Refreshing native plugins compatible for Editor in 1.94 ms, found 3 plugins.
Preloading 0 native plugins for Editor in 0.00 ms.
Unloading 3385 Unused Serialized files (Serialized files now loaded: 0)
Unloading 20 unused Assets / (79.8 KB). Loaded Objects now: 3859.
Memory consumption went from 116.4 MB to 116.3 MB.
Total: 3.607900 ms (FindLiveObjects: 0.256000 ms CreateObjectMapping: 0.157200 ms MarkObjects: 3.090600 ms  DeleteObjects: 0.102900 ms)

AssetImportParameters requested are different than current active one (requested -> active):
  custom:video-decoder-ogg-theora: a1e56fd34408186e4bbccfd4996cb3dc -> 
  custom:container-muxer-webm: aa71ff27fc2769a1b78a27578f13a17b -> 
  custom:container-demuxer-webm: 4f35f7cbe854078d1ac9338744f61a02 -> 
  custom:video-encoder-webm-vp8: eb34c28f22e8b96e1ab97ce403110664 -> 
  custom:audio-encoder-webm-vorbis: bf7c407c2cedff20999df2af8eb42d56 -> 
  custom:framework-win-MediaFoundation: 216162199b28c13a410421893ffa2e32 -> 
  custom:container-demuxer-ogg: 62fdf1f143b41e24485cea50d1cbac27 -> 
  custom:video-decoder-webm-vp8: 9c59270c3fd7afecdb556c50c9e8de78 -> 
  custom:audio-decoder-ogg-vorbis: bf7c407c2cedff20999df2af8eb42d56 -> 
========================================================================
Received Import Request.
  Time since last request: 33.906511 seconds.
  path: Assets/Scripts/act4.cs
  artifactKey: Guid(3d3bfb395a8939e45854a33f729b43b3) Importer(815301076,1909f56bfc062723c751e8b465ee728b)
Start importing Assets/Scripts/act4.cs using Guid(3d3bfb395a8939e45854a33f729b43b3) Importer(815301076,1909f56bfc062723c751e8b465ee728b)  -> (artifact id: 'aa899b88f6592e257c6324cd2321f5d0') in 0.005337 seconds 
========================================================================
Received Import Request.
  Time since last request: 426.976569 seconds.
  path: Assets/Scripts/act5.cs
  artifactKey: Guid(dd7389f8658913a4ab5b4c9bdc021d03) Importer(815301076,1909f56bfc062723c751e8b465ee728b)
Start importing Assets/Scripts/act5.cs using Guid(dd7389f8658913a4ab5b4c9bdc021d03) Importer(815301076,1909f56bfc062723c751e8b465ee728b)  -> (artifact id: '19d0c499d8b39b2e760cd5d1316b04f0') in 0.003783 seconds 
========================================================================
Received Import Request.
  Time since last request: 12.765260 seconds.
  path: Assets/Scripts/act5.cs
  artifactKey: Guid(dd7389f8658913a4ab5b4c9bdc021d03) Importer(815301076,1909f56bfc062723c751e8b465ee728b)
Start importing Assets/Scripts/act5.cs using Guid(dd7389f8658913a4ab5b4c9bdc021d03) Importer(815301076,1909f56bfc062723c751e8b465ee728b)  -> (artifact id: '6a3d55a4b342f6212a8c993e26476bb3') in 0.004255 seconds 
========================================================================
Received Import Request.
  Time since last request: 15.437762 seconds.
  path: Assets/Scripts/act5.cs
  artifactKey: Guid(dd7389f8658913a4ab5b4c9bdc021d03) Importer(815301076,1909f56bfc062723c751e8b465ee728b)
Start importing Assets/Scripts/act5.cs using Guid(dd7389f8658913a4ab5b4c9bdc021d03) Importer(815301076,1909f56bfc062723c751e8b465ee728b)  -> (artifact id: '4b8da67846279b48e12af68007ba4431') in 0.002471 seconds 
========================================================================
Received Prepare
Registering precompiled user dll's ...
Registered in 0.005376 seconds.
Begin MonoManager ReloadAssembly
Symbol file LoadedFromMemory doesn't match image D:\MiguelMartin\RPMI\actividades3\actividad3\Library\PackageCache\com.unity.visualscripting@1.7.8\Editor\VisualScripting.Core\Dependencies\YamlDotNet\Unity.VisualScripting.YamlDotNet.dll
Symbol file LoadedFromMemory doesn't match image D:\MiguelMartin\RPMI\actividades3\actividad3\Library\PackageCache\com.unity.visualscripting@1.7.8\Editor\VisualScripting.Core\Dependencies\DotNetZip\Unity.VisualScripting.IonicZip.dll
Native extension for WindowsStandalone target not found
Native extension for WebGL target not found
Refreshing native plugins compatible for Editor in 0.59 ms, found 3 plugins.
Preloading 0 native plugins for Editor in 0.00 ms.
Mono: successfully reloaded assembly
- Completed reload, in  1.331 seconds
Domain Reload Profiling:
	ReloadAssembly (1332ms)
		BeginReloadAssembly (147ms)
			ExecutionOrderSort (0ms)
			DisableScriptedObjects (7ms)
			BackupInstance (0ms)
			ReleaseScriptingObjects (0ms)
			CreateAndSetChildDomain (39ms)
		EndReloadAssembly (1061ms)
			LoadAssemblies (90ms)
			RebuildTransferFunctionScriptingTraits (0ms)
			SetupTypeCache (392ms)
			ReleaseScriptCaches (1ms)
			RebuildScriptCaches (50ms)
			SetupLoadedEditorAssemblies (469ms)
				LogAssemblyErrors (0ms)
				InitializePlatformSupportModulesInManaged (19ms)
				SetLoadedEditorAssemblies (1ms)
				RefreshPlugins (1ms)
				BeforeProcessingInitializeOnLoad (83ms)
				ProcessInitializeOnLoadAttributes (274ms)
				ProcessInitializeOnLoadMethodAttributes (83ms)
				AfterProcessingInitializeOnLoad (9ms)
				EditorAssembliesLoaded (0ms)
			ExecutionOrderSort2 (0ms)
			AwakeInstancesAfterBackupRestoration (8ms)
Platform modules already initialized, skipping
Refreshing native plugins compatible for Editor in 1.66 ms, found 3 plugins.
Preloading 0 native plugins for Editor in 0.00 ms.
Unloading 3385 Unused Serialized files (Serialized files now loaded: 0)
Unloading 20 unused Assets / (79.8 KB). Loaded Objects now: 3862.
Memory consumption went from 116.4 MB to 116.3 MB.
Total: 3.120100 ms (FindLiveObjects: 0.256300 ms CreateObjectMapping: 0.155300 ms MarkObjects: 2.601300 ms  DeleteObjects: 0.106300 ms)

AssetImportParameters requested are different than current active one (requested -> active):
  custom:video-decoder-ogg-theora: a1e56fd34408186e4bbccfd4996cb3dc -> 
  custom:container-muxer-webm: aa71ff27fc2769a1b78a27578f13a17b -> 
  custom:container-demuxer-webm: 4f35f7cbe854078d1ac9338744f61a02 -> 
  custom:video-encoder-webm-vp8: eb34c28f22e8b96e1ab97ce403110664 -> 
  custom:audio-encoder-webm-vorbis: bf7c407c2cedff20999df2af8eb42d56 -> 
  custom:framework-win-MediaFoundation: 216162199b28c13a410421893ffa2e32 -> 
  custom:container-demuxer-ogg: 62fdf1f143b41e24485cea50d1cbac27 -> 
  custom:video-decoder-webm-vp8: 9c59270c3fd7afecdb556c50c9e8de78 -> 
  custom:audio-decoder-ogg-vorbis: bf7c407c2cedff20999df2af8eb42d56 -> 
========================================================================
Received Import Request.
  Time since last request: 57.009106 seconds.
  path: Assets/Scripts/act5.cs
  artifactKey: Guid(dd7389f8658913a4ab5b4c9bdc021d03) Importer(815301076,1909f56bfc062723c751e8b465ee728b)
Start importing Assets/Scripts/act5.cs using Guid(dd7389f8658913a4ab5b4c9bdc021d03) Importer(815301076,1909f56bfc062723c751e8b465ee728b)  -> (artifact id: 'c3811d2a9985593b1b50a21362aa2961') in 0.008077 seconds 
========================================================================
Received Prepare
Registering precompiled user dll's ...
Registered in 0.004587 seconds.
Begin MonoManager ReloadAssembly
Symbol file LoadedFromMemory doesn't match image D:\MiguelMartin\RPMI\actividades3\actividad3\Library\PackageCache\com.unity.visualscripting@1.7.8\Editor\VisualScripting.Core\Dependencies\YamlDotNet\Unity.VisualScripting.YamlDotNet.dll
Symbol file LoadedFromMemory doesn't match image D:\MiguelMartin\RPMI\actividades3\actividad3\Library\PackageCache\com.unity.visualscripting@1.7.8\Editor\VisualScripting.Core\Dependencies\DotNetZip\Unity.VisualScripting.IonicZip.dll
Native extension for WindowsStandalone target not found
Native extension for WebGL target not found
Refreshing native plugins compatible for Editor in 0.62 ms, found 3 plugins.
Preloading 0 native plugins for Editor in 0.00 ms.
Mono: successfully reloaded assembly
- Completed reload, in  1.410 seconds
Domain Reload Profiling:
	ReloadAssembly (1410ms)
		BeginReloadAssembly (152ms)
			ExecutionOrderSort (0ms)
			DisableScriptedObjects (7ms)
			BackupInstance (0ms)
			ReleaseScriptingObjects (0ms)
			CreateAndSetChildDomain (39ms)
		EndReloadAssembly (1115ms)
			LoadAssemblies (98ms)
			RebuildTransferFunctionScriptingTraits (0ms)
			SetupTypeCache (503ms)
			ReleaseScriptCaches (1ms)
			RebuildScriptCaches (46ms)
			SetupLoadedEditorAssemblies (421ms)
				LogAssemblyErrors (0ms)
				InitializePlatformSupportModulesInManaged (17ms)
				SetLoadedEditorAssemblies (1ms)
				RefreshPlugins (1ms)
				BeforeProcessingInitializeOnLoad (79ms)
				ProcessInitializeOnLoadAttributes (283ms)
				ProcessInitializeOnLoadMethodAttributes (32ms)
				AfterProcessingInitializeOnLoad (9ms)
				EditorAssembliesLoaded (0ms)
			ExecutionOrderSort2 (0ms)
			AwakeInstancesAfterBackupRestoration (8ms)
Platform modules already initialized, skipping
Refreshing native plugins compatible for Editor in 1.74 ms, found 3 plugins.
Preloading 0 native plugins for Editor in 0.00 ms.
Unloading 3385 Unused Serialized files (Serialized files now loaded: 0)
Unloading 20 unused Assets / (79.8 KB). Loaded Objects now: 3865.
Memory consumption went from 116.4 MB to 116.3 MB.
Total: 3.796900 ms (FindLiveObjects: 0.361900 ms CreateObjectMapping: 0.320200 ms MarkObjects: 2.990600 ms  DeleteObjects: 0.110200 ms)

AssetImportParameters requested are different than current active one (requested -> active):
  custom:video-decoder-ogg-theora: a1e56fd34408186e4bbccfd4996cb3dc -> 
  custom:container-muxer-webm: aa71ff27fc2769a1b78a27578f13a17b -> 
  custom:container-demuxer-webm: 4f35f7cbe854078d1ac9338744f61a02 -> 
  custom:video-encoder-webm-vp8: eb34c28f22e8b96e1ab97ce403110664 -> 
  custom:audio-encoder-webm-vorbis: bf7c407c2cedff20999df2af8eb42d56 -> 
  custom:framework-win-MediaFoundation: 216162199b28c13a410421893ffa2e32 -> 
  custom:container-demuxer-ogg: 62fdf1f143b41e24485cea50d1cbac27 -> 
  custom:video-decoder-webm-vp8: 9c59270c3fd7afecdb556c50c9e8de78 -> 
  custom:audio-decoder-ogg-vorbis: bf7c407c2cedff20999df2af8eb42d56 -> 
========================================================================
Received Import Request.
  Time since last request: 482.743456 seconds.
  path: Assets/Scripts/act6.cs
  artifactKey: Guid(00fb1cfd11d52324897c773a22342755) Importer(815301076,1909f56bfc062723c751e8b465ee728b)
Start importing Assets/Scripts/act6.cs using Guid(00fb1cfd11d52324897c773a22342755) Importer(815301076,1909f56bfc062723c751e8b465ee728b)  -> (artifact id: '00000000000000000000000000000000') in 0.003003 seconds  code(4) message(Build asset version error: assets/scripts/act6.cs in SourceAssetDB has modification time of '2022-11-25T09:00:19.7219143Z' while content on disk has modification time of '2022-11-25T09:00:19.9111174Z')
  ERROR: Build asset version error: assets/scripts/act6.cs in SourceAssetDB has modification time of '2022-11-25T09:00:19.7219143Z' while content on disk has modification time of '2022-11-25T09:00:19.9111174Z'
========================================================================
Received Import Request.
  Time since last request: 123.073700 seconds.
  path: Assets/Scripts/act6.cs
  artifactKey: Guid(00fb1cfd11d52324897c773a22342755) Importer(815301076,1909f56bfc062723c751e8b465ee728b)
Start importing Assets/Scripts/act6.cs using Guid(00fb1cfd11d52324897c773a22342755) Importer(815301076,1909f56bfc062723c751e8b465ee728b)  -> (artifact id: '261961e99f46d5c9811f6bb8c9e0e003') in 0.012008 seconds 
========================================================================
Received Import Request.
  Time since last request: 47.835583 seconds.
  path: Assets/Scripts/act6.cs
  artifactKey: Guid(00fb1cfd11d52324897c773a22342755) Importer(815301076,1909f56bfc062723c751e8b465ee728b)
Start importing Assets/Scripts/act6.cs using Guid(00fb1cfd11d52324897c773a22342755) Importer(815301076,1909f56bfc062723c751e8b465ee728b)  -> (artifact id: 'e7b46c64a080ee7bbd076fd13f2e2241') in 0.002084 seconds 
========================================================================
Received Import Request.
  Time since last request: 37.299045 seconds.
  path: Assets/Scripts/act6.cs
  artifactKey: Guid(00fb1cfd11d52324897c773a22342755) Importer(815301076,1909f56bfc062723c751e8b465ee728b)
Start importing Assets/Scripts/act6.cs using Guid(00fb1cfd11d52324897c773a22342755) Importer(815301076,1909f56bfc062723c751e8b465ee728b)  -> (artifact id: '0e61021ee1a5bc754786fad15dfe73ae') in 0.002574 seconds 
========================================================================
Received Prepare
Registering precompiled user dll's ...
Registered in 0.004506 seconds.
Begin MonoManager ReloadAssembly
Symbol file LoadedFromMemory doesn't match image D:\MiguelMartin\RPMI\actividades3\actividad3\Library\PackageCache\com.unity.visualscripting@1.7.8\Editor\VisualScripting.Core\Dependencies\YamlDotNet\Unity.VisualScripting.YamlDotNet.dll
Symbol file LoadedFromMemory doesn't match image D:\MiguelMartin\RPMI\actividades3\actividad3\Library\PackageCache\com.unity.visualscripting@1.7.8\Editor\VisualScripting.Core\Dependencies\DotNetZip\Unity.VisualScripting.IonicZip.dll
Native extension for WindowsStandalone target not found
Native extension for WebGL target not found
Refreshing native plugins compatible for Editor in 0.77 ms, found 3 plugins.
Preloading 0 native plugins for Editor in 0.00 ms.
Mono: successfully reloaded assembly
- Completed reload, in  1.379 seconds
Domain Reload Profiling:
	ReloadAssembly (1380ms)
		BeginReloadAssembly (149ms)
			ExecutionOrderSort (0ms)
			DisableScriptedObjects (7ms)
			BackupInstance (0ms)
			ReleaseScriptingObjects (0ms)
			CreateAndSetChildDomain (38ms)
		EndReloadAssembly (1111ms)
			LoadAssemblies (92ms)
			RebuildTransferFunctionScriptingTraits (0ms)
			SetupTypeCache (366ms)
			ReleaseScriptCaches (2ms)
			RebuildScriptCaches (62ms)
			SetupLoadedEditorAssemblies (514ms)
				LogAssemblyErrors (0ms)
				InitializePlatformSupportModulesInManaged (22ms)
				SetLoadedEditorAssemblies (1ms)
				RefreshPlugins (1ms)
				BeforeProcessingInitializeOnLoad (104ms)
				ProcessInitializeOnLoadAttributes (331ms)
				ProcessInitializeOnLoadMethodAttributes (44ms)
				AfterProcessingInitializeOnLoad (12ms)
				EditorAssembliesLoaded (0ms)
			ExecutionOrderSort2 (0ms)
			AwakeInstancesAfterBackupRestoration (10ms)
Platform modules already initialized, skipping
Refreshing native plugins compatible for Editor in 1.61 ms, found 3 plugins.
Preloading 0 native plugins for Editor in 0.00 ms.
Unloading 3385 Unused Serialized files (Serialized files now loaded: 0)
Unloading 20 unused Assets / (79.9 KB). Loaded Objects now: 3868.
Memory consumption went from 116.4 MB to 116.3 MB.
Total: 3.289500 ms (FindLiveObjects: 0.266100 ms CreateObjectMapping: 0.152700 ms MarkObjects: 2.767200 ms  DeleteObjects: 0.102300 ms)

AssetImportParameters requested are different than current active one (requested -> active):
  custom:video-decoder-ogg-theora: a1e56fd34408186e4bbccfd4996cb3dc -> 
  custom:container-muxer-webm: aa71ff27fc2769a1b78a27578f13a17b -> 
  custom:container-demuxer-webm: 4f35f7cbe854078d1ac9338744f61a02 -> 
  custom:video-encoder-webm-vp8: eb34c28f22e8b96e1ab97ce403110664 -> 
  custom:audio-encoder-webm-vorbis: bf7c407c2cedff20999df2af8eb42d56 -> 
  custom:framework-win-MediaFoundation: 216162199b28c13a410421893ffa2e32 -> 
  custom:container-demuxer-ogg: 62fdf1f143b41e24485cea50d1cbac27 -> 
  custom:video-decoder-webm-vp8: 9c59270c3fd7afecdb556c50c9e8de78 -> 
  custom:audio-decoder-ogg-vorbis: bf7c407c2cedff20999df2af8eb42d56 -> 
========================================================================
Received Import Request.
  Time since last request: 262.337679 seconds.
  path: Assets/Scripts/act7.cs
  artifactKey: Guid(105b29347ac86ff409ab7cfc6d27422d) Importer(815301076,1909f56bfc062723c751e8b465ee728b)
Start importing Assets/Scripts/act7.cs using Guid(105b29347ac86ff409ab7cfc6d27422d) Importer(815301076,1909f56bfc062723c751e8b465ee728b)  -> (artifact id: '49151f665cb230ec6d66e9d782fd5282') in 0.010752 seconds 
========================================================================
Received Import Request.
  Time since last request: 15.633511 seconds.
  path: Assets/Scripts/act7.cs
  artifactKey: Guid(105b29347ac86ff409ab7cfc6d27422d) Importer(815301076,1909f56bfc062723c751e8b465ee728b)
Start importing Assets/Scripts/act7.cs using Guid(105b29347ac86ff409ab7cfc6d27422d) Importer(815301076,1909f56bfc062723c751e8b465ee728b)  -> (artifact id: '8a49e5a61da7b704e7a885ba319e37e1') in 0.003152 seconds 
========================================================================
Received Import Request.
  Time since last request: 67.916438 seconds.
  path: Assets/Scripts/act7.cs
  artifactKey: Guid(105b29347ac86ff409ab7cfc6d27422d) Importer(815301076,1909f56bfc062723c751e8b465ee728b)
Start importing Assets/Scripts/act7.cs using Guid(105b29347ac86ff409ab7cfc6d27422d) Importer(815301076,1909f56bfc062723c751e8b465ee728b)  -> (artifact id: '0abf197adcddf28118f9db51cb704750') in 0.002189 seconds 
========================================================================
Received Prepare
Registering precompiled user dll's ...
Registered in 0.004353 seconds.
Begin MonoManager ReloadAssembly
Symbol file LoadedFromMemory doesn't match image D:\MiguelMartin\RPMI\actividades3\actividad3\Library\PackageCache\com.unity.visualscripting@1.7.8\Editor\VisualScripting.Core\Dependencies\YamlDotNet\Unity.VisualScripting.YamlDotNet.dll
Symbol file LoadedFromMemory doesn't match image D:\MiguelMartin\RPMI\actividades3\actividad3\Library\PackageCache\com.unity.visualscripting@1.7.8\Editor\VisualScripting.Core\Dependencies\DotNetZip\Unity.VisualScripting.IonicZip.dll
Native extension for WindowsStandalone target not found
Native extension for WebGL target not found
Refreshing native plugins compatible for Editor in 0.87 ms, found 3 plugins.
Preloading 0 native plugins for Editor in 0.00 ms.
Mono: successfully reloaded assembly
- Completed reload, in  1.228 seconds
Domain Reload Profiling:
	ReloadAssembly (1229ms)
		BeginReloadAssembly (145ms)
			ExecutionOrderSort (0ms)
			DisableScriptedObjects (8ms)
			BackupInstance (0ms)
			ReleaseScriptingObjects (0ms)
			CreateAndSetChildDomain (36ms)
		EndReloadAssembly (961ms)
			LoadAssemblies (91ms)
			RebuildTransferFunctionScriptingTraits (0ms)
			SetupTypeCache (375ms)
			ReleaseScriptCaches (2ms)
			RebuildScriptCaches (61ms)
			SetupLoadedEditorAssemblies (382ms)
				LogAssemblyErrors (0ms)
				InitializePlatformSupportModulesInManaged (17ms)
				SetLoadedEditorAssemblies (1ms)
				RefreshPlugins (1ms)
				BeforeProcessingInitializeOnLoad (80ms)
				ProcessInitializeOnLoadAttributes (242ms)
				ProcessInitializeOnLoadMethodAttributes (32ms)
				AfterProcessingInitializeOnLoad (9ms)
				EditorAssembliesLoaded (0ms)
			ExecutionOrderSort2 (0ms)
			AwakeInstancesAfterBackupRestoration (8ms)
Platform modules already initialized, skipping
Refreshing native plugins compatible for Editor in 1.73 ms, found 3 plugins.
Preloading 0 native plugins for Editor in 0.00 ms.
Unloading 3385 Unused Serialized files (Serialized files now loaded: 0)
Unloading 20 unused Assets / (79.9 KB). Loaded Objects now: 3871.
Memory consumption went from 116.4 MB to 116.3 MB.
Total: 3.894100 ms (FindLiveObjects: 0.252700 ms CreateObjectMapping: 0.169600 ms MarkObjects: 3.359900 ms  DeleteObjects: 0.111000 ms)

AssetImportParameters requested are different than current active one (requested -> active):
  custom:video-decoder-ogg-theora: a1e56fd34408186e4bbccfd4996cb3dc -> 
  custom:container-muxer-webm: aa71ff27fc2769a1b78a27578f13a17b -> 
  custom:container-demuxer-webm: 4f35f7cbe854078d1ac9338744f61a02 -> 
  custom:video-encoder-webm-vp8: eb34c28f22e8b96e1ab97ce403110664 -> 
  custom:audio-encoder-webm-vorbis: bf7c407c2cedff20999df2af8eb42d56 -> 
  custom:framework-win-MediaFoundation: 216162199b28c13a410421893ffa2e32 -> 
  custom:container-demuxer-ogg: 62fdf1f143b41e24485cea50d1cbac27 -> 
  custom:video-decoder-webm-vp8: 9c59270c3fd7afecdb556c50c9e8de78 -> 
  custom:audio-decoder-ogg-vorbis: bf7c407c2cedff20999df2af8eb42d56 -> 
========================================================================
Received Import Request.
  Time since last request: 380.283878 seconds.
  path: Assets/Scripts/act8.cs
  artifactKey: Guid(52f76dc04252b684c8a3d9e25da82c44) Importer(815301076,1909f56bfc062723c751e8b465ee728b)
Start importing Assets/Scripts/act8.cs using Guid(52f76dc04252b684c8a3d9e25da82c44) Importer(815301076,1909f56bfc062723c751e8b465ee728b)  -> (artifact id: '300a9cb9ec6e361818440b7cb6147fb2') in 0.010612 seconds 
========================================================================
Received Import Request.
  Time since last request: 15.051684 seconds.
  path: Assets/Scripts/act8.cs
  artifactKey: Guid(52f76dc04252b684c8a3d9e25da82c44) Importer(815301076,1909f56bfc062723c751e8b465ee728b)
Start importing Assets/Scripts/act8.cs using Guid(52f76dc04252b684c8a3d9e25da82c44) Importer(815301076,1909f56bfc062723c751e8b465ee728b)  -> (artifact id: '8e18bac46acc41a000dffbe7cbce4248') in 0.002496 seconds 
========================================================================
Received Prepare
Registering precompiled user dll's ...
Registered in 0.004837 seconds.
Begin MonoManager ReloadAssembly
Symbol file LoadedFromMemory doesn't match image D:\MiguelMartin\RPMI\actividades3\actividad3\Library\PackageCache\com.unity.visualscripting@1.7.8\Editor\VisualScripting.Core\Dependencies\YamlDotNet\Unity.VisualScripting.YamlDotNet.dll
Symbol file LoadedFromMemory doesn't match image D:\MiguelMartin\RPMI\actividades3\actividad3\Library\PackageCache\com.unity.visualscripting@1.7.8\Editor\VisualScripting.Core\Dependencies\DotNetZip\Unity.VisualScripting.IonicZip.dll
Native extension for WindowsStandalone target not found
Native extension for WebGL target not found
Refreshing native plugins compatible for Editor in 0.65 ms, found 3 plugins.
Preloading 0 native plugins for Editor in 0.00 ms.
Mono: successfully reloaded assembly
- Completed reload, in  1.284 seconds
Domain Reload Profiling:
	ReloadAssembly (1285ms)
		BeginReloadAssembly (158ms)
			ExecutionOrderSort (0ms)
			DisableScriptedObjects (7ms)
			BackupInstance (0ms)
			ReleaseScriptingObjects (0ms)
			CreateAndSetChildDomain (46ms)
		EndReloadAssembly (993ms)
			LoadAssemblies (96ms)
			RebuildTransferFunctionScriptingTraits (0ms)
			SetupTypeCache (406ms)
			ReleaseScriptCaches (1ms)
			RebuildScriptCaches (48ms)
			SetupLoadedEditorAssemblies (396ms)
				LogAssemblyErrors (0ms)
				InitializePlatformSupportModulesInManaged (17ms)
				SetLoadedEditorAssemblies (1ms)
				RefreshPlugins (1ms)
				BeforeProcessingInitializeOnLoad (82ms)
				ProcessInitializeOnLoadAttributes (250ms)
				ProcessInitializeOnLoadMethodAttributes (36ms)
				AfterProcessingInitializeOnLoad (9ms)
				EditorAssembliesLoaded (0ms)
			ExecutionOrderSort2 (0ms)
			AwakeInstancesAfterBackupRestoration (8ms)
Platform modules already initialized, skipping
Refreshing native plugins compatible for Editor in 1.71 ms, found 3 plugins.
Preloading 0 native plugins for Editor in 0.00 ms.
Unloading 3385 Unused Serialized files (Serialized files now loaded: 0)
Unloading 20 unused Assets / (79.9 KB). Loaded Objects now: 3874.
Memory consumption went from 116.4 MB to 116.3 MB.
Total: 3.980600 ms (FindLiveObjects: 0.363400 ms CreateObjectMapping: 0.157000 ms MarkObjects: 3.344900 ms  DeleteObjects: 0.114300 ms)

AssetImportParameters requested are different than current active one (requested -> active):
  custom:video-decoder-ogg-theora: a1e56fd34408186e4bbccfd4996cb3dc -> 
  custom:container-muxer-webm: aa71ff27fc2769a1b78a27578f13a17b -> 
  custom:container-demuxer-webm: 4f35f7cbe854078d1ac9338744f61a02 -> 
  custom:video-encoder-webm-vp8: eb34c28f22e8b96e1ab97ce403110664 -> 
  custom:audio-encoder-webm-vorbis: bf7c407c2cedff20999df2af8eb42d56 -> 
  custom:framework-win-MediaFoundation: 216162199b28c13a410421893ffa2e32 -> 
  custom:container-demuxer-ogg: 62fdf1f143b41e24485cea50d1cbac27 -> 
  custom:video-decoder-webm-vp8: 9c59270c3fd7afecdb556c50c9e8de78 -> 
  custom:audio-decoder-ogg-vorbis: bf7c407c2cedff20999df2af8eb42d56 -> 
========================================================================
Received Import Request.
  Time since last request: 327.151435 seconds.
  path: Assets/Scripts/act10.cs
  artifactKey: Guid(dd09978462abc034cb56265a5b895519) Importer(815301076,1909f56bfc062723c751e8b465ee728b)
Start importing Assets/Scripts/act10.cs using Guid(dd09978462abc034cb56265a5b895519) Importer(815301076,1909f56bfc062723c751e8b465ee728b)  -> (artifact id: '957d879c3d2a680d2d7e7c24d181021d') in 0.010832 seconds 
========================================================================
Received Import Request.
  Time since last request: 12.593977 seconds.
  path: Assets/Scripts/act10.cs
  artifactKey: Guid(dd09978462abc034cb56265a5b895519) Importer(815301076,1909f56bfc062723c751e8b465ee728b)
Start importing Assets/Scripts/act10.cs using Guid(dd09978462abc034cb56265a5b895519) Importer(815301076,1909f56bfc062723c751e8b465ee728b)  -> (artifact id: 'fb864ec0254c50289553aab2f504d17a') in 0.002959 seconds 
========================================================================
Received Import Request.
  Time since last request: 7.547097 seconds.
  path: Assets/Scripts/act10.cs
  artifactKey: Guid(dd09978462abc034cb56265a5b895519) Importer(815301076,1909f56bfc062723c751e8b465ee728b)
Start importing Assets/Scripts/act10.cs using Guid(dd09978462abc034cb56265a5b895519) Importer(815301076,1909f56bfc062723c751e8b465ee728b)  -> (artifact id: 'f841b961808391ceaec1577b00ebae00') in 0.002314 seconds 
========================================================================
Received Import Request.
  Time since last request: 27.899500 seconds.
  path: Assets/Scripts/act10.cs
  artifactKey: Guid(dd09978462abc034cb56265a5b895519) Importer(815301076,1909f56bfc062723c751e8b465ee728b)
Start importing Assets/Scripts/act10.cs using Guid(dd09978462abc034cb56265a5b895519) Importer(815301076,1909f56bfc062723c751e8b465ee728b)  -> (artifact id: '84f046e908659b8fa0cca46b9e32b0bf') in 0.002163 seconds 
========================================================================
Received Import Request.
  Time since last request: 7.502448 seconds.
  path: Assets/Scripts/act10.cs
  artifactKey: Guid(dd09978462abc034cb56265a5b895519) Importer(815301076,1909f56bfc062723c751e8b465ee728b)
Start importing Assets/Scripts/act10.cs using Guid(dd09978462abc034cb56265a5b895519) Importer(815301076,1909f56bfc062723c751e8b465ee728b)  -> (artifact id: '59773377992ab8f28841f3031420ac57') in 0.005094 seconds 
========================================================================
Received Import Request.
  Time since last request: 12.652919 seconds.
  path: Assets/Scripts/act10.cs
  artifactKey: Guid(dd09978462abc034cb56265a5b895519) Importer(815301076,1909f56bfc062723c751e8b465ee728b)
Start importing Assets/Scripts/act10.cs using Guid(dd09978462abc034cb56265a5b895519) Importer(815301076,1909f56bfc062723c751e8b465ee728b)  -> (artifact id: '85c0baada830c91d147d01f974944b8a') in 0.003273 seconds 
========================================================================
Received Import Request.
  Time since last request: 116.539090 seconds.
  path: Assets/Scripts/act10.cs
  artifactKey: Guid(dd09978462abc034cb56265a5b895519) Importer(815301076,1909f56bfc062723c751e8b465ee728b)
Start importing Assets/Scripts/act10.cs using Guid(dd09978462abc034cb56265a5b895519) Importer(815301076,1909f56bfc062723c751e8b465ee728b)  -> (artifact id: '00000000000000000000000000000000') in 0.003472 seconds  code(4) message(Build asset version error: assets/scripts/act10.cs in SourceAssetDB has modification time of '2022-11-25T09:24:41.1911074Z' while content on disk has modification time of '2022-11-25T09:24:41.4192982Z')
  ERROR: Build asset version error: assets/scripts/act10.cs in SourceAssetDB has modification time of '2022-11-25T09:24:41.1911074Z' while content on disk has modification time of '2022-11-25T09:24:41.4192982Z'
========================================================================
Received Import Request.
  Time since last request: 50.687573 seconds.
  path: Assets/Scripts/act10.cs
  artifactKey: Guid(dd09978462abc034cb56265a5b895519) Importer(815301076,1909f56bfc062723c751e8b465ee728b)
Start importing Assets/Scripts/act10.cs using Guid(dd09978462abc034cb56265a5b895519) Importer(815301076,1909f56bfc062723c751e8b465ee728b)  -> (artifact id: '00000000000000000000000000000000') in 0.000326 seconds  code(4) message(Build asset version error: assets/scripts/act10.cs in SourceAssetDB has modification time of '2022-11-25T09:25:31.8891229Z' while content on disk has modification time of '2022-11-25T09:25:32.1119208Z')
  ERROR: Build asset version error: assets/scripts/act10.cs in SourceAssetDB has modification time of '2022-11-25T09:25:31.8891229Z' while content on disk has modification time of '2022-11-25T09:25:32.1119208Z'
========================================================================
Received Import Request.
  Time since last request: 36.009239 seconds.
  path: Assets/Scripts/act10.cs
  artifactKey: Guid(dd09978462abc034cb56265a5b895519) Importer(815301076,1909f56bfc062723c751e8b465ee728b)
Start importing Assets/Scripts/act10.cs using Guid(dd09978462abc034cb56265a5b895519) Importer(815301076,1909f56bfc062723c751e8b465ee728b)  -> (artifact id: '6b6c5a6a161d3d57cda991de9d101c05') in 0.003238 seconds 
========================================================================
Received Prepare
Registering precompiled user dll's ...
Registered in 0.004878 seconds.
Begin MonoManager ReloadAssembly
Symbol file LoadedFromMemory doesn't match image D:\MiguelMartin\RPMI\actividades3\actividad3\Library\PackageCache\com.unity.visualscripting@1.7.8\Editor\VisualScripting.Core\Dependencies\YamlDotNet\Unity.VisualScripting.YamlDotNet.dll
Symbol file LoadedFromMemory doesn't match image D:\MiguelMartin\RPMI\actividades3\actividad3\Library\PackageCache\com.unity.visualscripting@1.7.8\Editor\VisualScripting.Core\Dependencies\DotNetZip\Unity.VisualScripting.IonicZip.dll
Native extension for WindowsStandalone target not found
Native extension for WebGL target not found
Refreshing native plugins compatible for Editor in 0.57 ms, found 3 plugins.
Preloading 0 native plugins for Editor in 0.00 ms.
Mono: successfully reloaded assembly
- Completed reload, in  1.227 seconds
Domain Reload Profiling:
	ReloadAssembly (1228ms)
		BeginReloadAssembly (155ms)
			ExecutionOrderSort (0ms)
			DisableScriptedObjects (6ms)
			BackupInstance (0ms)
			ReleaseScriptingObjects (0ms)
			CreateAndSetChildDomain (37ms)
		EndReloadAssembly (954ms)
			LoadAssemblies (99ms)
			RebuildTransferFunctionScriptingTraits (0ms)
			SetupTypeCache (375ms)
			ReleaseScriptCaches (2ms)
			RebuildScriptCaches (59ms)
			SetupLoadedEditorAssemblies (380ms)
				LogAssemblyErrors (0ms)
				InitializePlatformSupportModulesInManaged (17ms)
				SetLoadedEditorAssemblies (1ms)
				RefreshPlugins (1ms)
				BeforeProcessingInitializeOnLoad (78ms)
				ProcessInitializeOnLoadAttributes (244ms)
				ProcessInitializeOnLoadMethodAttributes (31ms)
				AfterProcessingInitializeOnLoad (9ms)
				EditorAssembliesLoaded (0ms)
			ExecutionOrderSort2 (0ms)
			AwakeInstancesAfterBackupRestoration (8ms)
Platform modules already initialized, skipping
Refreshing native plugins compatible for Editor in 1.69 ms, found 3 plugins.
Preloading 0 native plugins for Editor in 0.00 ms.
Unloading 3385 Unused Serialized files (Serialized files now loaded: 0)
Unloading 20 unused Assets / (79.9 KB). Loaded Objects now: 3877.
Memory consumption went from 116.4 MB to 116.3 MB.
Total: 3.730100 ms (FindLiveObjects: 0.254100 ms CreateObjectMapping: 0.197400 ms MarkObjects: 3.167400 ms  DeleteObjects: 0.110000 ms)

AssetImportParameters requested are different than current active one (requested -> active):
  custom:video-decoder-ogg-theora: a1e56fd34408186e4bbccfd4996cb3dc -> 
  custom:container-muxer-webm: aa71ff27fc2769a1b78a27578f13a17b -> 
  custom:container-demuxer-webm: 4f35f7cbe854078d1ac9338744f61a02 -> 
  custom:video-encoder-webm-vp8: eb34c28f22e8b96e1ab97ce403110664 -> 
  custom:audio-encoder-webm-vorbis: bf7c407c2cedff20999df2af8eb42d56 -> 
  custom:framework-win-MediaFoundation: 216162199b28c13a410421893ffa2e32 -> 
  custom:container-demuxer-ogg: 62fdf1f143b41e24485cea50d1cbac27 -> 
  custom:video-decoder-webm-vp8: 9c59270c3fd7afecdb556c50c9e8de78 -> 
  custom:audio-decoder-ogg-vorbis: bf7c407c2cedff20999df2af8eb42d56 -> 
========================================================================
Received Prepare
Registering precompiled user dll's ...
Registered in 0.004504 seconds.
Begin MonoManager ReloadAssembly
Symbol file LoadedFromMemory doesn't match image D:\MiguelMartin\RPMI\actividades3\actividad3\Library\PackageCache\com.unity.visualscripting@1.7.8\Editor\VisualScripting.Core\Dependencies\YamlDotNet\Unity.VisualScripting.YamlDotNet.dll
Symbol file LoadedFromMemory doesn't match image D:\MiguelMartin\RPMI\actividades3\actividad3\Library\PackageCache\com.unity.visualscripting@1.7.8\Editor\VisualScripting.Core\Dependencies\DotNetZip\Unity.VisualScripting.IonicZip.dll
Native extension for WindowsStandalone target not found
Native extension for WebGL target not found
Refreshing native plugins compatible for Editor in 0.63 ms, found 3 plugins.
Preloading 0 native plugins for Editor in 0.00 ms.
Mono: successfully reloaded assembly
- Completed reload, in  1.196 seconds
Domain Reload Profiling:
	ReloadAssembly (1197ms)
		BeginReloadAssembly (145ms)
			ExecutionOrderSort (0ms)
			DisableScriptedObjects (7ms)
			BackupInstance (0ms)
			ReleaseScriptingObjects (0ms)
			CreateAndSetChildDomain (35ms)
		EndReloadAssembly (934ms)
			LoadAssemblies (89ms)
			RebuildTransferFunctionScriptingTraits (0ms)
			SetupTypeCache (367ms)
			ReleaseScriptCaches (1ms)
			RebuildScriptCaches (58ms)
			SetupLoadedEditorAssemblies (374ms)
				LogAssemblyErrors (0ms)
				InitializePlatformSupportModulesInManaged (17ms)
				SetLoadedEditorAssemblies (1ms)
				RefreshPlugins (1ms)
				BeforeProcessingInitializeOnLoad (80ms)
				ProcessInitializeOnLoadAttributes (236ms)
				ProcessInitializeOnLoadMethodAttributes (31ms)
				AfterProcessingInitializeOnLoad (9ms)
				EditorAssembliesLoaded (0ms)
			ExecutionOrderSort2 (0ms)
			AwakeInstancesAfterBackupRestoration (8ms)
Platform modules already initialized, skipping
Refreshing native plugins compatible for Editor in 1.70 ms, found 3 plugins.
Preloading 0 native plugins for Editor in 0.00 ms.
Unloading 3385 Unused Serialized files (Serialized files now loaded: 0)
Unloading 20 unused Assets / (79.8 KB). Loaded Objects now: 3880.
Memory consumption went from 116.4 MB to 116.4 MB.
Total: 3.750800 ms (FindLiveObjects: 0.273600 ms CreateObjectMapping: 0.214200 ms MarkObjects: 3.142900 ms  DeleteObjects: 0.119300 ms)

AssetImportParameters requested are different than current active one (requested -> active):
  custom:video-decoder-ogg-theora: a1e56fd34408186e4bbccfd4996cb3dc -> 
  custom:container-muxer-webm: aa71ff27fc2769a1b78a27578f13a17b -> 
  custom:container-demuxer-webm: 4f35f7cbe854078d1ac9338744f61a02 -> 
  custom:video-encoder-webm-vp8: eb34c28f22e8b96e1ab97ce403110664 -> 
  custom:audio-encoder-webm-vorbis: bf7c407c2cedff20999df2af8eb42d56 -> 
  custom:framework-win-MediaFoundation: 216162199b28c13a410421893ffa2e32 -> 
  custom:container-demuxer-ogg: 62fdf1f143b41e24485cea50d1cbac27 -> 
  custom:video-decoder-webm-vp8: 9c59270c3fd7afecdb556c50c9e8de78 -> 
  custom:audio-decoder-ogg-vorbis: bf7c407c2cedff20999df2af8eb42d56 -> 
